<?xml version="1.0" encoding="UTF-8"?>
<testsuite name="com.orion282.calculatorhazelcast.CalculatorHazelcastApplicationTests" tests="1" skipped="0" failures="0" errors="0" timestamp="2021-02-25T15:54:43" hostname="manusamp-VirtualBox" time="0.681">
  <properties/>
  <testcase name="contextLoads()" classname="com.orion282.calculatorhazelcast.CalculatorHazelcastApplicationTests" time="0.681"/>
  <system-out><![CDATA[16:54:38.047 [Test worker] DEBUG org.springframework.test.context.BootstrapUtils - Instantiating CacheAwareContextLoaderDelegate from class [org.springframework.test.context.cache.DefaultCacheAwareContextLoaderDelegate]
16:54:38.083 [Test worker] DEBUG org.springframework.test.context.BootstrapUtils - Instantiating BootstrapContext using constructor [public org.springframework.test.context.support.DefaultBootstrapContext(java.lang.Class,org.springframework.test.context.CacheAwareContextLoaderDelegate)]
16:54:38.132 [Test worker] DEBUG org.springframework.test.context.BootstrapUtils - Instantiating TestContextBootstrapper for test class [com.orion282.calculatorhazelcast.CalculatorHazelcastApplicationTests] from class [org.springframework.boot.test.context.SpringBootTestContextBootstrapper]
16:54:38.188 [Test worker] INFO org.springframework.boot.test.context.SpringBootTestContextBootstrapper - Neither @ContextConfiguration nor @ContextHierarchy found for test class [com.orion282.calculatorhazelcast.CalculatorHazelcastApplicationTests], using SpringBootContextLoader
16:54:38.194 [Test worker] DEBUG org.springframework.test.context.support.AbstractContextLoader - Did not detect default resource location for test class [com.orion282.calculatorhazelcast.CalculatorHazelcastApplicationTests]: class path resource [com/orion282/calculatorhazelcast/CalculatorHazelcastApplicationTests-context.xml] does not exist
16:54:38.196 [Test worker] DEBUG org.springframework.test.context.support.AbstractContextLoader - Did not detect default resource location for test class [com.orion282.calculatorhazelcast.CalculatorHazelcastApplicationTests]: class path resource [com/orion282/calculatorhazelcast/CalculatorHazelcastApplicationTestsContext.groovy] does not exist
16:54:38.198 [Test worker] INFO org.springframework.test.context.support.AbstractContextLoader - Could not detect default resource locations for test class [com.orion282.calculatorhazelcast.CalculatorHazelcastApplicationTests]: no resource found for suffixes {-context.xml, Context.groovy}.
16:54:38.200 [Test worker] INFO org.springframework.test.context.support.AnnotationConfigContextLoaderUtils - Could not detect default configuration classes for test class [com.orion282.calculatorhazelcast.CalculatorHazelcastApplicationTests]: CalculatorHazelcastApplicationTests does not declare any static, non-private, non-final, nested classes annotated with @Configuration.
16:54:38.285 [Test worker] DEBUG org.springframework.test.context.support.ActiveProfilesUtils - Could not find an 'annotation declaring class' for annotation type [org.springframework.test.context.ActiveProfiles] and class [com.orion282.calculatorhazelcast.CalculatorHazelcastApplicationTests]
16:54:38.379 [Test worker] DEBUG org.springframework.context.annotation.ClassPathScanningCandidateComponentProvider - Identified candidate component class: file [/home/manusamp/calculator-hazelcast/build/classes/java/main/com/orion282/calculatorhazelcast/CalculatorHazelcastApplication.class]
16:54:38.394 [Test worker] INFO org.springframework.boot.test.context.SpringBootTestContextBootstrapper - Found @SpringBootConfiguration com.orion282.calculatorhazelcast.CalculatorHazelcastApplication for test class com.orion282.calculatorhazelcast.CalculatorHazelcastApplicationTests
16:54:38.646 [Test worker] DEBUG org.springframework.boot.test.context.SpringBootTestContextBootstrapper - @TestExecutionListeners is not present for class [com.orion282.calculatorhazelcast.CalculatorHazelcastApplicationTests]: using defaults.
16:54:38.649 [Test worker] INFO org.springframework.boot.test.context.SpringBootTestContextBootstrapper - Loaded default TestExecutionListener class names from location [META-INF/spring.factories]: [org.springframework.boot.test.autoconfigure.restdocs.RestDocsTestExecutionListener, org.springframework.boot.test.autoconfigure.web.client.MockRestServiceServerResetTestExecutionListener, org.springframework.boot.test.autoconfigure.web.servlet.MockMvcPrintOnlyOnFailureTestExecutionListener, org.springframework.boot.test.autoconfigure.web.servlet.WebDriverTestExecutionListener, org.springframework.boot.test.autoconfigure.webservices.client.MockWebServiceServerTestExecutionListener, org.springframework.boot.test.mock.mockito.MockitoTestExecutionListener, org.springframework.boot.test.mock.mockito.ResetMocksTestExecutionListener, org.springframework.test.context.web.ServletTestExecutionListener, org.springframework.test.context.support.DirtiesContextBeforeModesTestExecutionListener, org.springframework.test.context.support.DependencyInjectionTestExecutionListener, org.springframework.test.context.support.DirtiesContextTestExecutionListener, org.springframework.test.context.transaction.TransactionalTestExecutionListener, org.springframework.test.context.jdbc.SqlScriptsTestExecutionListener, org.springframework.test.context.event.EventPublishingTestExecutionListener]
16:54:38.663 [Test worker] DEBUG org.springframework.boot.test.context.SpringBootTestContextBootstrapper - Skipping candidate TestExecutionListener [org.springframework.test.context.transaction.TransactionalTestExecutionListener] due to a missing dependency. Specify custom listener classes or make the default listener classes and their required dependencies available. Offending class: [org/springframework/transaction/interceptor/TransactionAttributeSource]
16:54:38.670 [Test worker] DEBUG org.springframework.boot.test.context.SpringBootTestContextBootstrapper - Skipping candidate TestExecutionListener [org.springframework.test.context.jdbc.SqlScriptsTestExecutionListener] due to a missing dependency. Specify custom listener classes or make the default listener classes and their required dependencies available. Offending class: [org/springframework/transaction/interceptor/TransactionAttribute]
16:54:38.670 [Test worker] INFO org.springframework.boot.test.context.SpringBootTestContextBootstrapper - Using TestExecutionListeners: [org.springframework.test.context.web.ServletTestExecutionListener@16ee7b4c, org.springframework.test.context.support.DirtiesContextBeforeModesTestExecutionListener@5ffc1bf, org.springframework.boot.test.mock.mockito.MockitoTestExecutionListener@bf13f85, org.springframework.boot.test.autoconfigure.SpringBootDependencyInjectionTestExecutionListener@422875a3, org.springframework.test.context.support.DirtiesContextTestExecutionListener@277952b1, org.springframework.test.context.event.EventPublishingTestExecutionListener@5cf09dd8, org.springframework.boot.test.autoconfigure.restdocs.RestDocsTestExecutionListener@5eff8cd4, org.springframework.boot.test.autoconfigure.web.client.MockRestServiceServerResetTestExecutionListener@5f7b6fc5, org.springframework.boot.test.autoconfigure.web.servlet.MockMvcPrintOnlyOnFailureTestExecutionListener@327a5241, org.springframework.boot.test.autoconfigure.web.servlet.WebDriverTestExecutionListener@6abc078b, org.springframework.boot.test.autoconfigure.webservices.client.MockWebServiceServerTestExecutionListener@4887bf24, org.springframework.boot.test.mock.mockito.ResetMocksTestExecutionListener@4c06e4b6]
16:54:38.674 [Test worker] DEBUG org.springframework.test.context.support.AbstractDirtiesContextTestExecutionListener - Before test class: context [DefaultTestContext@135cd0ed testClass = CalculatorHazelcastApplicationTests, testInstance = [null], testMethod = [null], testException = [null], mergedContextConfiguration = [WebMergedContextConfiguration@a7199f testClass = CalculatorHazelcastApplicationTests, locations = '{}', classes = '{class com.orion282.calculatorhazelcast.CalculatorHazelcastApplication}', contextInitializerClasses = '[]', activeProfiles = '{}', propertySourceLocations = '{}', propertySourceProperties = '{org.springframework.boot.test.context.SpringBootTestContextBootstrapper=true}', contextCustomizers = set[org.springframework.boot.test.autoconfigure.properties.PropertyMappingContextCustomizer@0, org.springframework.boot.test.autoconfigure.web.servlet.WebDriverContextCustomizerFactory$Customizer@25e02d7a, org.springframework.boot.test.context.filter.ExcludeFilterContextCustomizer@1d4ca8d3, org.springframework.boot.test.json.DuplicateJsonObjectContextCustomizerFactory$DuplicateJsonObjectContextCustomizer@31d96533, org.springframework.boot.test.mock.mockito.MockitoContextCustomizer@0, org.springframework.boot.test.web.client.TestRestTemplateContextCustomizer@67f8783b, org.springframework.boot.test.context.SpringBootTestArgs@1, org.springframework.boot.test.context.SpringBootTestWebEnvironment@45840253], resourceBasePath = 'src/main/webapp', contextLoader = 'org.springframework.boot.test.context.SpringBootContextLoader', parent = [null]], attributes = map['org.springframework.test.context.web.ServletTestExecutionListener.activateListener' -> true]], class annotated with @DirtiesContext [false] with mode [null].
16:54:38.724 [Test worker] DEBUG org.springframework.test.context.support.TestPropertySourceUtils - Adding inlined properties to environment: {spring.jmx.enabled=false, org.springframework.boot.test.context.SpringBootTestContextBootstrapper=true}

  .   ____          _            __ _ _
 /\\ / ___'_ __ _ _(_)_ __  __ _ \ \ \ \
( ( )\___ | '_ | '_| | '_ \/ _` | \ \ \ \
 \\/  ___)| |_)| | | | | || (_| |  ) ) ) )
  '  |____| .__|_| |_|_| |_\__, | / / / /
 =========|_|==============|___/=/_/_/_/
 :: Spring Boot ::        (v2.3.9.RELEASE)

2021-02-25 16:54:39.315  INFO 17624 --- [    Test worker] .o.c.CalculatorHazelcastApplicationTests : Starting CalculatorHazelcastApplicationTests on manusamp-VirtualBox with PID 17624 (started by manusamp in /home/manusamp/calculator-hazelcast)
2021-02-25 16:54:39.322  INFO 17624 --- [    Test worker] .o.c.CalculatorHazelcastApplicationTests : No active profile set, falling back to default profiles: default
2021-02-25 16:54:42.141  INFO 17624 --- [    Test worker] o.s.s.concurrent.ThreadPoolTaskExecutor  : Initializing ExecutorService 'applicationTaskExecutor'
2021-02-25 16:54:42.691  INFO 17624 --- [    Test worker] com.hazelcast.client.HazelcastClient     : hz.client_0 [dev] [3.12] A non-empty group password is configured for the Hazelcast client. Starting with Hazelcast version 3.11, clients with the same group name, but with different group passwords (that do not use authentication) will be accepted to a cluster. The group password configuration will be removed completely in a future release.
2021-02-25 16:54:42.992  INFO 17624 --- [    Test worker] c.h.client.spi.ClientInvocationService   : hz.client_0 [dev] [3.12] Running with 2 response threads, dynamic=false
2021-02-25 16:54:43.339  INFO 17624 --- [    Test worker] com.hazelcast.core.LifecycleService      : hz.client_0 [dev] [3.12] HazelcastClient 3.12 (20190409 - 915d83a) is STARTING
2021-02-25 16:54:43.345  INFO 17624 --- [    Test worker] com.hazelcast.core.LifecycleService      : hz.client_0 [dev] [3.12] HazelcastClient 3.12 (20190409 - 915d83a) is STARTED
2021-02-25 16:54:43.560  INFO 17624 --- [ient_0.cluster-] c.h.c.c.nio.ClusterConnectorService      : hz.client_0 [dev] [3.12] Trying to connect to cluster with name: dev
2021-02-25 16:54:43.564  INFO 17624 --- [ient_0.cluster-] c.h.c.c.nio.ClusterConnectorService      : hz.client_0 [dev] [3.12] Trying to connect to [172.17.0.4]:5701 as owner member
2021-02-25 16:54:43.622  INFO 17624 --- [nt_0.internal-2] c.h.c.c.ClientConnectionManager          : hz.client_0 [dev] [3.12] Setting ClientConnection{alive=true, connectionId=1, channel=NioChannel{/172.17.0.1:47135->/172.17.0.4:5701}, remoteEndpoint=[172.17.0.4]:5701, lastReadTime=2021-02-25 16:54:43.617, lastWriteTime=2021-02-25 16:54:43.614, closedTime=never, connected server version=3.12} as owner with principal ClientPrincipal{uuid='2b58b266-521e-420b-bcff-a7b0423073b9', ownerUuid='e4ce13e4-ad02-40d3-9450-f79f2615a1bc'}
2021-02-25 16:54:43.623  INFO 17624 --- [nt_0.internal-2] c.h.c.c.ClientConnectionManager          : hz.client_0 [dev] [3.12] Authenticated with server [172.17.0.4]:5701, server version:3.12 Local address: /172.17.0.1:47135
2021-02-25 16:54:43.656  INFO 17624 --- [lient_0.event-5] c.h.c.spi.impl.ClientMembershipListener  : hz.client_0 [dev] [3.12] 

Members [1] {
	Member [172.17.0.4]:5701 - e4ce13e4-ad02-40d3-9450-f79f2615a1bc
}

2021-02-25 16:54:43.662  INFO 17624 --- [ient_0.cluster-] com.hazelcast.core.LifecycleService      : hz.client_0 [dev] [3.12] HazelcastClient 3.12 (20190409 - 915d83a) is CLIENT_CONNECTED
2021-02-25 16:54:43.663  INFO 17624 --- [    Test worker] c.h.internal.diagnostics.Diagnostics     : hz.client_0 [dev] [3.12] Diagnostics disabled. To enable add -Dhazelcast.diagnostics.enabled=true to the JVM arguments.
2021-02-25 16:54:43.879  INFO 17624 --- [    Test worker] .o.c.CalculatorHazelcastApplicationTests : Started CalculatorHazelcastApplicationTests in 5.14 seconds (JVM running for 7.856)
]]></system-out>
  <system-err><![CDATA[]]></system-err>
</testsuite>
